<?xml version="1.0" encoding="UTF-8"?><testsuite errors="0" failures="0" name="com.gorest.gotestinfo.UserTagsTest" skipped="0" tests="2" time="4.02" timestamp="2023-06-06T13:11:00.768+01:00[Europe/London]"><testcase classname="com.gorest.gotestinfo.UserTagsTest" name="This test will verify if a status code of 200 is returned for GET request"/><testcase classname="com.gorest.gotestinfo.UserTagsTest" name="This test will provide an error code of 404 when user tries to access an invalid resource"/></testsuite>